<?xml version="1.0" encoding="UTF-8" ?>
<<<<<<< HEAD
<testsuite tests="7" failures="0" name="com.mycompany.mavenproject1.NodoSalonTest" time="0.004" errors="0" skipped="0">
  <properties>
    <property name="java.runtime.name" value="Java(TM) SE Runtime Environment"/>
    <property name="sun.boot.library.path" value="/home/astridhernandez/jdk1.8.0_111/jre/lib/amd64"/>
    <property name="java.vm.version" value="25.111-b14"/>
    <property name="java.vm.vendor" value="Oracle Corporation"/>
    <property name="maven.multiModuleProjectDirectory" value="/home/astridhernandez/Escritorio/Practica2_Grupo11/mavenproject1"/>
    <property name="java.vendor.url" value="http://java.oracle.com/"/>
    <property name="path.separator" value=":"/>
    <property name="guice.disable.misplaced.annotation.check" value="true"/>
    <property name="java.vm.name" value="Java HotSpot(TM) 64-Bit Server VM"/>
    <property name="file.encoding.pkg" value="sun.io"/>
    <property name="user.country" value="GT"/>
    <property name="sun.java.launcher" value="SUN_STANDARD"/>
    <property name="sun.os.patch.level" value="unknown"/>
    <property name="java.vm.specification.name" value="Java Virtual Machine Specification"/>
    <property name="user.dir" value="/home/astridhernandez/Escritorio/Practica2_Grupo11/mavenproject1"/>
    <property name="java.runtime.version" value="1.8.0_111-b14"/>
    <property name="java.awt.graphicsenv" value="sun.awt.X11GraphicsEnvironment"/>
    <property name="java.endorsed.dirs" value="/home/astridhernandez/jdk1.8.0_111/jre/lib/endorsed"/>
    <property name="os.arch" value="amd64"/>
    <property name="java.io.tmpdir" value="/tmp"/>
    <property name="line.separator" value="
"/>
    <property name="java.vm.specification.vendor" value="Oracle Corporation"/>
    <property name="os.name" value="Linux"/>
    <property name="net.sourceforge.cobertura.datafile" value="/home/astridhernandez/Escritorio/Practica2_Grupo11/mavenproject1/target/cobertura/cobertura.ser"/>
    <property name="maven.ext.class.path" value="/home/astridhernandez/netbeans-12.0/netbeans/java/maven-nblib/netbeans-eventspy.jar"/>
    <property name="classworlds.conf" value="/home/astridhernandez/netbeans-12.0/netbeans/java/maven/bin/m2.conf"/>
    <property name="sun.jnu.encoding" value="UTF-8"/>
    <property name="java.library.path" value="/usr/java/packages/lib/amd64:/usr/lib64:/lib64:/lib:/usr/lib"/>
    <property name="maven.conf" value="/home/astridhernandez/netbeans-12.0/netbeans/java/maven/conf"/>
=======
<testsuite tests="11" failures="0" name="com.mycompany.mavenproject1.NodoSalonTest" time="0.316" errors="0" skipped="0">
  <properties>
    <property name="java.runtime.name" value="Java(TM) SE Runtime Environment"/>
    <property name="sun.boot.library.path" value="C:\Program Files\Java\jdk1.8.0_261\jre\bin"/>
    <property name="java.vm.version" value="25.261-b12"/>
    <property name="java.vm.vendor" value="Oracle Corporation"/>
    <property name="maven.multiModuleProjectDirectory" value="C:\Users\wendy\Documents\GitHub\practica2_G11\mavenproject1"/>
    <property name="java.vendor.url" value="http://java.oracle.com/"/>
    <property name="path.separator" value=";"/>
    <property name="guice.disable.misplaced.annotation.check" value="true"/>
    <property name="java.vm.name" value="Java HotSpot(TM) 64-Bit Server VM"/>
    <property name="file.encoding.pkg" value="sun.io"/>
    <property name="user.script" value=""/>
    <property name="user.country" value="GT"/>
    <property name="sun.java.launcher" value="SUN_STANDARD"/>
    <property name="sun.os.patch.level" value=""/>
    <property name="java.vm.specification.name" value="Java Virtual Machine Specification"/>
    <property name="user.dir" value="C:\Users\wendy\Documents\GitHub\practica2_G11\mavenproject1"/>
    <property name="java.runtime.version" value="1.8.0_261-b12"/>
    <property name="java.awt.graphicsenv" value="sun.awt.Win32GraphicsEnvironment"/>
    <property name="java.endorsed.dirs" value="C:\Program Files\Java\jdk1.8.0_261\jre\lib\endorsed"/>
    <property name="os.arch" value="amd64"/>
    <property name="java.io.tmpdir" value="C:\Users\wendy\AppData\Local\Temp\"/>
    <property name="line.separator" value="
"/>
    <property name="java.vm.specification.vendor" value="Oracle Corporation"/>
    <property name="user.variant" value=""/>
    <property name="os.name" value="Windows 10"/>
    <property name="net.sourceforge.cobertura.datafile" value="C:\Users\wendy\Documents\GitHub\practica2_G11\mavenproject1\target\cobertura\cobertura.ser"/>
    <property name="maven.ext.class.path" value="C:\Program Files\NetBeans-12.0\netbeans\java\maven-nblib\netbeans-eventspy.jar"/>
    <property name="classworlds.conf" value="C:\Program Files\NetBeans-12.0\netbeans\java\maven\bin\..\bin\m2.conf"/>
    <property name="sun.jnu.encoding" value="Cp1252"/>
    <property name="java.library.path" value="C:\Program Files\Java\jdk1.8.0_261\bin;C:\Windows\Sun\Java\bin;C:\Windows\system32;C:\Windows;C:\Program Files\Microsoft MPI\Bin\;C:\Program Files (x86)\Common Files\Oracle\Java\javapath;C:\Windows\system32;C:\Windows;C:\Windows\System32\Wbem;C:\Windows\System32\WindowsPowerShell\v1.0\;C:\Windows\System32\OpenSSH\;C:\Program Files\Microsoft SQL Server\110\DTS\Binn\;C:\Program Files (x86)\Microsoft SQL Server\110\Tools\Binn\;C:\Program Files\Microsoft SQL Server\110\Tools\Binn\;C:\Program Files (x86)\Microsoft SQL Server\110\Tools\Binn\ManagementStudio\;C:\Program Files (x86)\Microsoft Visual Studio 10.0\Common7\IDE\PrivateAssemblies\;C:\Program Files (x86)\Microsoft SQL Server\110\DTS\Binn\;C:\Program Files\dotnet\;C:\Program Files\Microsoft SQL Server\130\Tools\Binn\;C:\Program Files (x86)\Microsoft SQL Server\120\DTS\Binn\;C:\Program Files (x86)\Microsoft SQL Server\130\DTS\Binn\;C:\Program Files (x86)\Microsoft SQL Server\140\DTS\Binn\;C:\Program Files\Microsoft SQL Server\Client SDK\ODBC\170\Tools\Binn\;C:\Program Files (x86)\Microsoft SQL Server\150\DTS\Binn\;C:\Program Files\nodejs\;C:\Program Files\Git\cmd;C:\Program Files\MySQL\MySQL Shell 8.0\bin\;C:\Users\wendy\AppData\Local\Microsoft\WindowsAppsC:\Program Files\Java\jdk1.8.0_261;C:\Users\wendy\.dotnet\tools;C:\Users\wendy\AppData\Local\Programs\Microsoft VS Code\bin;C:\Users\wendy\AppData\Roaming\npm;C:\Program Files\nodejs;C:\Users\wendy\AppData\Local\GitHubDesktop\bin;."/>
    <property name="maven.conf" value="C:\Program Files\NetBeans-12.0\netbeans\java\maven\bin\../conf"/>
>>>>>>> req_Salon
    <property name="java.specification.name" value="Java Platform API Specification"/>
    <property name="java.class.version" value="52.0"/>
    <property name="sun.management.compiler" value="HotSpot 64-Bit Tiered Compilers"/>
    <property name="skipTests" value="false"/>
    <property name="cobertura.report.format" value="xml"/>
<<<<<<< HEAD
    <property name="os.version" value="4.15.0-117-generic"/>
    <property name="library.jansi.path" value="/home/astridhernandez/netbeans-12.0/netbeans/java/maven/lib/jansi-native"/>
    <property name="user.home" value="/home/astridhernandez"/>
    <property name="user.timezone" value="America/Guatemala"/>
    <property name="java.awt.printerjob" value="sun.print.PSPrinterJob"/>
    <property name="java.specification.version" value="1.8"/>
    <property name="file.encoding" value="UTF-8"/>
    <property name="user.name" value="astridhernandez"/>
    <property name="java.class.path" value="/home/astridhernandez/netbeans-12.0/netbeans/java/maven/boot/plexus-classworlds-2.6.0.jar"/>
    <property name="java.vm.specification.version" value="1.8"/>
    <property name="sun.arch.data.model" value="64"/>
    <property name="java.home" value="/home/astridhernandez/jdk1.8.0_111/jre"/>
    <property name="sun.java.command" value="org.codehaus.plexus.classworlds.launcher.Launcher -DskipTests=false -Dcobertura.report.format=xml -Dmaven.ext.class.path=/home/astridhernandez/netbeans-12.0/netbeans/java/maven-nblib/netbeans-eventspy.jar cobertura:clean cobertura:cobertura"/>
    <property name="java.specification.vendor" value="Oracle Corporation"/>
    <property name="user.language" value="es"/>
    <property name="awt.toolkit" value="sun.awt.X11.XToolkit"/>
    <property name="java.vm.info" value="mixed mode"/>
    <property name="java.version" value="1.8.0_111"/>
    <property name="java.ext.dirs" value="/home/astridhernandez/jdk1.8.0_111/jre/lib/ext:/usr/java/packages/lib/ext"/>
    <property name="securerandom.source" value="file:/dev/./urandom"/>
    <property name="sun.boot.class.path" value="/home/astridhernandez/jdk1.8.0_111/jre/lib/resources.jar:/home/astridhernandez/jdk1.8.0_111/jre/lib/rt.jar:/home/astridhernandez/jdk1.8.0_111/jre/lib/sunrsasign.jar:/home/astridhernandez/jdk1.8.0_111/jre/lib/jsse.jar:/home/astridhernandez/jdk1.8.0_111/jre/lib/jce.jar:/home/astridhernandez/jdk1.8.0_111/jre/lib/charsets.jar:/home/astridhernandez/jdk1.8.0_111/jre/lib/jfr.jar:/home/astridhernandez/jdk1.8.0_111/jre/classes"/>
    <property name="java.vendor" value="Oracle Corporation"/>
    <property name="maven.home" value="/home/astridhernandez/netbeans-12.0/netbeans/java/maven"/>
    <property name="file.separator" value="/"/>
    <property name="java.vendor.url.bug" value="http://bugreport.sun.com/bugreport/"/>
    <property name="sun.cpu.endian" value="little"/>
    <property name="sun.io.unicode.encoding" value="UnicodeLittle"/>
    <property name="project.build.outputDirectory" value="/home/astridhernandez/Escritorio/Practica2_Grupo11/mavenproject1/target/generated-classes/cobertura"/>
    <property name="sun.desktop" value="gnome"/>
    <property name="sun.cpu.isalist" value=""/>
  </properties>
  <testcase classname="com.mycompany.mavenproject1.NodoSalonTest" name="testGetSiguiente" time="0.001"/>
  <testcase classname="com.mycompany.mavenproject1.NodoSalonTest" name="testGetValor" time="0"/>
  <testcase classname="com.mycompany.mavenproject1.NodoSalonTest" name="testGetPrimero" time="0"/>
  <testcase classname="com.mycompany.mavenproject1.NodoSalonTest" name="testEliminar" time="0.001"/>
  <testcase classname="com.mycompany.mavenproject1.NodoSalonTest" name="testGetAnterior" time="0.001"/>
  <testcase classname="com.mycompany.mavenproject1.NodoSalonTest" name="testGetUltimo" time="0.001"/>
  <testcase classname="com.mycompany.mavenproject1.NodoSalonTest" name="testSetValor" time="0"/>
=======
    <property name="os.version" value="10.0"/>
    <property name="library.jansi.path" value="C:\Program Files\NetBeans-12.0\netbeans\java\maven\bin\..\lib\jansi-native"/>
    <property name="user.home" value="C:\Users\wendy"/>
    <property name="user.timezone" value="America/Regina"/>
    <property name="java.awt.printerjob" value="sun.awt.windows.WPrinterJob"/>
    <property name="java.specification.version" value="1.8"/>
    <property name="file.encoding" value="UTF-8"/>
    <property name="user.name" value="wendy"/>
    <property name="java.class.path" value="C:\Program Files\NetBeans-12.0\netbeans\java\maven\bin\..\boot\plexus-classworlds-2.6.0.jar"/>
    <property name="java.vm.specification.version" value="1.8"/>
    <property name="sun.arch.data.model" value="64"/>
    <property name="java.home" value="C:\Program Files\Java\jdk1.8.0_261\jre"/>
    <property name="sun.java.command" value="org.codehaus.plexus.classworlds.launcher.Launcher -DskipTests=false -Dcobertura.report.format=xml -Dmaven.ext.class.path=C:\Program Files\NetBeans-12.0\netbeans\java\maven-nblib\netbeans-eventspy.jar -Dfile.encoding=UTF-8 cobertura:clean cobertura:cobertura"/>
    <property name="java.specification.vendor" value="Oracle Corporation"/>
    <property name="user.language" value="es"/>
    <property name="awt.toolkit" value="sun.awt.windows.WToolkit"/>
    <property name="java.vm.info" value="mixed mode"/>
    <property name="java.version" value="1.8.0_261"/>
    <property name="java.ext.dirs" value="C:\Program Files\Java\jdk1.8.0_261\jre\lib\ext;C:\Windows\Sun\Java\lib\ext"/>
    <property name="sun.boot.class.path" value="C:\Program Files\Java\jdk1.8.0_261\jre\lib\resources.jar;C:\Program Files\Java\jdk1.8.0_261\jre\lib\rt.jar;C:\Program Files\Java\jdk1.8.0_261\jre\lib\sunrsasign.jar;C:\Program Files\Java\jdk1.8.0_261\jre\lib\jsse.jar;C:\Program Files\Java\jdk1.8.0_261\jre\lib\jce.jar;C:\Program Files\Java\jdk1.8.0_261\jre\lib\charsets.jar;C:\Program Files\Java\jdk1.8.0_261\jre\lib\jfr.jar;C:\Program Files\Java\jdk1.8.0_261\jre\classes"/>
    <property name="java.vendor" value="Oracle Corporation"/>
    <property name="maven.home" value="C:\Program Files\NetBeans-12.0\netbeans\java\maven\bin\.."/>
    <property name="file.separator" value="\"/>
    <property name="java.vendor.url.bug" value="http://bugreport.sun.com/bugreport/"/>
    <property name="sun.cpu.endian" value="little"/>
    <property name="sun.io.unicode.encoding" value="UnicodeLittle"/>
    <property name="project.build.outputDirectory" value="C:\Users\wendy\Documents\GitHub\practica2_G11\mavenproject1\target\generated-classes\cobertura"/>
    <property name="sun.desktop" value="windows"/>
    <property name="sun.cpu.isalist" value="amd64"/>
  </properties>
  <testcase classname="com.mycompany.mavenproject1.NodoSalonTest" name="tamanio" time="0.286"/>
  <testcase classname="com.mycompany.mavenproject1.NodoSalonTest" name="validarvalores" time="0"/>
  <testcase classname="com.mycompany.mavenproject1.NodoSalonTest" name="testnivel" time="0"/>
  <testcase classname="com.mycompany.mavenproject1.NodoSalonTest" name="testNull" time="0.001"/>
  <testcase classname="com.mycompany.mavenproject1.NodoSalonTest" name="array" time="0.003"/>
  <testcase classname="com.mycompany.mavenproject1.NodoSalonTest" name="eliminar" time="0.008"/>
  <testcase classname="com.mycompany.mavenproject1.NodoSalonTest" name="Noeliminado" time="0.008"/>
  <testcase classname="com.mycompany.mavenproject1.NodoSalonTest" name="testcapacidad" time="0.002"/>
  <testcase classname="com.mycompany.mavenproject1.NodoSalonTest" name="verificarsilistavacia" time="0.006"/>
  <testcase classname="com.mycompany.mavenproject1.NodoSalonTest" name="testNotNull" time="0.001"/>
  <testcase classname="com.mycompany.mavenproject1.NodoSalonTest" name="notsame" time="0.001"/>
>>>>>>> req_Salon
</testsuite>