<<<<<<< HEAD
<?xml version="1.0" encoding="UTF-8" ?>
<testsuite tests="20" failures="0" name="com.mycompany.mavenproject1.NodoAuxiliarTest" time="0.204" errors="0" skipped="0">
  <properties>
    <property name="java.runtime.name" value="Java(TM) SE Runtime Environment"/>
    <property name="sun.boot.library.path" value="/home/astridhernandez/jdk1.8.0_111/jre/lib/amd64"/>
    <property name="java.vm.version" value="25.111-b14"/>
    <property name="java.vm.vendor" value="Oracle Corporation"/>
    <property name="maven.multiModuleProjectDirectory" value="/home/astridhernandez/Escritorio/Practica2_Grupo11/mavenproject1"/>
    <property name="java.vendor.url" value="http://java.oracle.com/"/>
    <property name="path.separator" value=":"/>
    <property name="guice.disable.misplaced.annotation.check" value="true"/>
    <property name="java.vm.name" value="Java HotSpot(TM) 64-Bit Server VM"/>
    <property name="file.encoding.pkg" value="sun.io"/>
    <property name="user.country" value="GT"/>
    <property name="sun.java.launcher" value="SUN_STANDARD"/>
    <property name="sun.os.patch.level" value="unknown"/>
    <property name="java.vm.specification.name" value="Java Virtual Machine Specification"/>
    <property name="user.dir" value="/home/astridhernandez/Escritorio/Practica2_Grupo11/mavenproject1"/>
    <property name="java.runtime.version" value="1.8.0_111-b14"/>
    <property name="java.awt.graphicsenv" value="sun.awt.X11GraphicsEnvironment"/>
    <property name="java.endorsed.dirs" value="/home/astridhernandez/jdk1.8.0_111/jre/lib/endorsed"/>
    <property name="os.arch" value="amd64"/>
    <property name="java.io.tmpdir" value="/tmp"/>
    <property name="line.separator" value="
"/>
    <property name="java.vm.specification.vendor" value="Oracle Corporation"/>
    <property name="os.name" value="Linux"/>
    <property name="net.sourceforge.cobertura.datafile" value="/home/astridhernandez/Escritorio/Practica2_Grupo11/mavenproject1/target/cobertura/cobertura.ser"/>
    <property name="maven.ext.class.path" value="/home/astridhernandez/netbeans-12.0/netbeans/java/maven-nblib/netbeans-eventspy.jar"/>
    <property name="classworlds.conf" value="/home/astridhernandez/netbeans-12.0/netbeans/java/maven/bin/m2.conf"/>
    <property name="sun.jnu.encoding" value="UTF-8"/>
    <property name="java.library.path" value="/usr/java/packages/lib/amd64:/usr/lib64:/lib64:/lib:/usr/lib"/>
    <property name="maven.conf" value="/home/astridhernandez/netbeans-12.0/netbeans/java/maven/conf"/>
    <property name="java.specification.name" value="Java Platform API Specification"/>
    <property name="java.class.version" value="52.0"/>
    <property name="sun.management.compiler" value="HotSpot 64-Bit Tiered Compilers"/>
    <property name="skipTests" value="false"/>
    <property name="cobertura.report.format" value="xml"/>
    <property name="os.version" value="4.15.0-117-generic"/>
    <property name="library.jansi.path" value="/home/astridhernandez/netbeans-12.0/netbeans/java/maven/lib/jansi-native"/>
    <property name="user.home" value="/home/astridhernandez"/>
    <property name="user.timezone" value="America/Guatemala"/>
    <property name="java.awt.printerjob" value="sun.print.PSPrinterJob"/>
    <property name="java.specification.version" value="1.8"/>
    <property name="file.encoding" value="UTF-8"/>
    <property name="user.name" value="astridhernandez"/>
    <property name="java.class.path" value="/home/astridhernandez/netbeans-12.0/netbeans/java/maven/boot/plexus-classworlds-2.6.0.jar"/>
    <property name="java.vm.specification.version" value="1.8"/>
    <property name="sun.arch.data.model" value="64"/>
    <property name="java.home" value="/home/astridhernandez/jdk1.8.0_111/jre"/>
    <property name="sun.java.command" value="org.codehaus.plexus.classworlds.launcher.Launcher -DskipTests=false -Dcobertura.report.format=xml -Dmaven.ext.class.path=/home/astridhernandez/netbeans-12.0/netbeans/java/maven-nblib/netbeans-eventspy.jar cobertura:clean cobertura:cobertura"/>
    <property name="java.specification.vendor" value="Oracle Corporation"/>
    <property name="user.language" value="es"/>
    <property name="awt.toolkit" value="sun.awt.X11.XToolkit"/>
    <property name="java.vm.info" value="mixed mode"/>
    <property name="java.version" value="1.8.0_111"/>
    <property name="java.ext.dirs" value="/home/astridhernandez/jdk1.8.0_111/jre/lib/ext:/usr/java/packages/lib/ext"/>
    <property name="securerandom.source" value="file:/dev/./urandom"/>
    <property name="sun.boot.class.path" value="/home/astridhernandez/jdk1.8.0_111/jre/lib/resources.jar:/home/astridhernandez/jdk1.8.0_111/jre/lib/rt.jar:/home/astridhernandez/jdk1.8.0_111/jre/lib/sunrsasign.jar:/home/astridhernandez/jdk1.8.0_111/jre/lib/jsse.jar:/home/astridhernandez/jdk1.8.0_111/jre/lib/jce.jar:/home/astridhernandez/jdk1.8.0_111/jre/lib/charsets.jar:/home/astridhernandez/jdk1.8.0_111/jre/lib/jfr.jar:/home/astridhernandez/jdk1.8.0_111/jre/classes"/>
    <property name="java.vendor" value="Oracle Corporation"/>
    <property name="maven.home" value="/home/astridhernandez/netbeans-12.0/netbeans/java/maven"/>
    <property name="file.separator" value="/"/>
    <property name="java.vendor.url.bug" value="http://bugreport.sun.com/bugreport/"/>
    <property name="sun.cpu.endian" value="little"/>
    <property name="sun.io.unicode.encoding" value="UnicodeLittle"/>
    <property name="project.build.outputDirectory" value="/home/astridhernandez/Escritorio/Practica2_Grupo11/mavenproject1/target/generated-classes/cobertura"/>
    <property name="sun.desktop" value="gnome"/>
    <property name="sun.cpu.isalist" value=""/>
  </properties>
  <testcase classname="com.mycompany.mavenproject1.NodoAuxiliarTest" name="testInsertarAuxiliarInCorrecto" time="0.175"/>
  <testcase classname="com.mycompany.mavenproject1.NodoAuxiliarTest" name="testNombreInCorrecto" time="0.002"/>
  <testcase classname="com.mycompany.mavenproject1.NodoAuxiliarTest" name="testEliminarAuxiliarCorrecto1" time="0.002"/>
  <testcase classname="com.mycompany.mavenproject1.NodoAuxiliarTest" name="testEliminarAuxiliarCorrecto2" time="0.004"/>
  <testcase classname="com.mycompany.mavenproject1.NodoAuxiliarTest" name="testNombreCorrecto" time="0.002"/>
  <testcase classname="com.mycompany.mavenproject1.NodoAuxiliarTest" name="testCodigoPersonalNegativo" time="0.001"/>
  <testcase classname="com.mycompany.mavenproject1.NodoAuxiliarTest" name="testEliminarAuxiliarCorrecto" time="0.003"/>
  <testcase classname="com.mycompany.mavenproject1.NodoAuxiliarTest" name="testEliminarAuxiliarIncorrecto" time="0"/>
  <testcase classname="com.mycompany.mavenproject1.NodoAuxiliarTest" name="testListaVacia" time="0.004"/>
  <testcase classname="com.mycompany.mavenproject1.NodoAuxiliarTest" name="testCodigoPersonalIncorrecto" time="0.001"/>
  <testcase classname="com.mycompany.mavenproject1.NodoAuxiliarTest" name="testInsertarAuxiliarCorrecto" time="0.002"/>
  <testcase classname="com.mycompany.mavenproject1.NodoAuxiliarTest" name="testListarAuxInCorrecto" time="0.001"/>
  <testcase classname="com.mycompany.mavenproject1.NodoAuxiliarTest" name="testSeccionInCorrecto" time="0"/>
  <testcase classname="com.mycompany.mavenproject1.NodoAuxiliarTest" name="testSeccionCorrecto" time="0"/>
  <testcase classname="com.mycompany.mavenproject1.NodoAuxiliarTest" name="testCodigoPersonalCorrecto" time="0.001"/>
  <testcase classname="com.mycompany.mavenproject1.NodoAuxiliarTest" name="testCursoCorrecto" time="0.003"/>
  <testcase classname="com.mycompany.mavenproject1.NodoAuxiliarTest" name="testCursoInCorrecto" time="0"/>
  <testcase classname="com.mycompany.mavenproject1.NodoAuxiliarTest" name="testContrasenaCorrecto" time="0.001"/>
  <testcase classname="com.mycompany.mavenproject1.NodoAuxiliarTest" name="testEliminarAuxiliar3" time="0.001"/>
  <testcase classname="com.mycompany.mavenproject1.NodoAuxiliarTest" name="testContrasenaInCorrecto" time="0.001"/>
=======
<?xml version="1.0" encoding="UTF-8"?>
<testsuite xmlns:xsi="http://www.w3.org/2001/XMLSchema-instance" xsi:schemaLocation="https://maven.apache.org/surefire/maven-surefire-plugin/xsd/surefire-test-report.xsd" name="com.mycompany.mavenproject1.NodoAuxiliarTest" time="0.001" tests="7" errors="0" skipped="0" failures="0">
  <properties>
    <property name="java.runtime.name" value="Java(TM) SE Runtime Environment"/>
    <property name="java.vm.version" value="14.0.2+12-46"/>
    <property name="sun.boot.library.path" value="/usr/lib/jvm/jdk-14.0.2/lib"/>
    <property name="maven.multiModuleProjectDirectory" value="/home/tu3/Escritorio/mavenproject1"/>
    <property name="java.vm.vendor" value="Oracle Corporation"/>
    <property name="java.vendor.url" value="https://java.oracle.com/"/>
    <property name="guice.disable.misplaced.annotation.check" value="true"/>
    <property name="path.separator" value=":"/>
    <property name="java.vm.name" value="Java HotSpot(TM) 64-Bit Server VM"/>
    <property name="user.country" value="GT"/>
    <property name="sun.java.launcher" value="SUN_STANDARD"/>
    <property name="java.vm.specification.name" value="Java Virtual Machine Specification"/>
    <property name="user.dir" value="/home/tu3/Escritorio/mavenproject1"/>
    <property name="java.vm.compressedOopsMode" value="Zero based"/>
    <property name="java.runtime.version" value="14.0.2+12-46"/>
    <property name="os.arch" value="amd64"/>
    <property name="java.io.tmpdir" value="/tmp"/>
    <property name="line.separator" value="&#10;"/>
    <property name="java.vm.specification.vendor" value="Oracle Corporation"/>
    <property name="os.name" value="Linux"/>
    <property name="net.sourceforge.cobertura.datafile" value="/home/tu3/Escritorio/mavenproject1/target/cobertura/cobertura.ser"/>
    <property name="maven.ext.class.path" value="/snap/netbeans/35/netbeans/java/maven-nblib/netbeans-eventspy.jar"/>
    <property name="classworlds.conf" value="/snap/netbeans/35/netbeans/java/maven/bin/m2.conf"/>
    <property name="sun.jnu.encoding" value="UTF-8"/>
    <property name="java.library.path" value="/usr/java/packages/lib:/usr/lib64:/lib64:/lib:/usr/lib"/>
    <property name="maven.conf" value="/snap/netbeans/35/netbeans/java/maven/conf"/>
    <property name="jdk.debug" value="release"/>
    <property name="java.class.version" value="58.0"/>
    <property name="java.specification.name" value="Java Platform API Specification"/>
    <property name="sun.management.compiler" value="HotSpot 64-Bit Tiered Compilers"/>
    <property name="cobertura.report.format" value="xml"/>
    <property name="skipTests" value="false"/>
    <property name="os.version" value="5.7.1-050701-generic"/>
    <property name="library.jansi.path" value="/snap/netbeans/35/netbeans/java/maven/lib/jansi-native"/>
    <property name="user.home" value="/home/tu3"/>
    <property name="user.timezone" value="America/Guatemala"/>
    <property name="file.encoding" value="UTF-8"/>
    <property name="java.specification.version" value="14"/>
    <property name="user.name" value="tu3"/>
    <property name="java.class.path" value="/snap/netbeans/35/netbeans/java/maven/boot/plexus-classworlds-2.6.0.jar"/>
    <property name="java.vm.specification.version" value="14"/>
    <property name="sun.arch.data.model" value="64"/>
    <property name="sun.java.command" value="org.codehaus.plexus.classworlds.launcher.Launcher -DskipTests=false -Dcobertura.report.format=xml -Dmaven.ext.class.path=/snap/netbeans/35/netbeans/java/maven-nblib/netbeans-eventspy.jar cobertura:clean cobertura:cobertura"/>
    <property name="java.home" value="/usr/lib/jvm/jdk-14.0.2"/>
    <property name="user.language" value="es"/>
    <property name="java.specification.vendor" value="Oracle Corporation"/>
    <property name="java.vm.info" value="mixed mode, sharing"/>
    <property name="java.version" value="14.0.2"/>
    <property name="securerandom.source" value="file:/dev/./urandom"/>
    <property name="java.vendor" value="Oracle Corporation"/>
    <property name="maven.home" value="/snap/netbeans/35/netbeans/java/maven"/>
    <property name="file.separator" value="/"/>
    <property name="java.version.date" value="2020-07-14"/>
    <property name="java.vendor.url.bug" value="https://bugreport.java.com/bugreport/"/>
    <property name="sun.io.unicode.encoding" value="UnicodeLittle"/>
    <property name="sun.cpu.endian" value="little"/>
    <property name="project.build.outputDirectory" value="/home/tu3/Escritorio/mavenproject1/target/generated-classes/cobertura"/>
  </properties>
  <testcase name="testGetSiguiente" classname="com.mycompany.mavenproject1.NodoAuxiliarTest" time="0"/>
  <testcase name="testGetValor" classname="com.mycompany.mavenproject1.NodoAuxiliarTest" time="0"/>
  <testcase name="testGetPrimero" classname="com.mycompany.mavenproject1.NodoAuxiliarTest" time="0"/>
  <testcase name="testEliminar" classname="com.mycompany.mavenproject1.NodoAuxiliarTest" time="0"/>
  <testcase name="testGetAnterior" classname="com.mycompany.mavenproject1.NodoAuxiliarTest" time="0"/>
  <testcase name="testGetUltimo" classname="com.mycompany.mavenproject1.NodoAuxiliarTest" time="0"/>
  <testcase name="testSetValor" classname="com.mycompany.mavenproject1.NodoAuxiliarTest" time="0"/>
>>>>>>> req_Salon
</testsuite>